2026-03-23 19:01:55, MOVE, v:1, k:ed@longest, mode:PICK
2026-03-23 19:02:12, EXEC, v:1, k:ed@longest, mode:FULL, rate:0
2026-03-23 19:03:41, EXEC, v:1, k:ed@longest, mode:FULL, rate:0
2026-03-23 19:06:11, EXEC, v:1, k:ed@longest, mode:FULL, rate:0, size:70
2026-03-23 19:07:06, MOVE, v:1, k:ed@longest, mode:BACK
2026-03-23 19:07:08, MOVE, v:1, k:ed@battleship, mode:DOWN
2026-03-23 19:07:09, MOVE, v:1, k:ed@battleship, mode:PICK
2026-03-23 19:13:07, MOVE, v:1, k:ed@battleship, mode:BACK
2026-03-23 19:13:18, MOVE, v:1, k:ed@ilhas, mode:PICK
2026-03-23 19:16:37, EXEC, v:1, k:ed@ilhas, mode:FULL, rate:100
2026-03-23 19:16:38, MOVE, v:1, k:ed@ilhas, mode:BACK
2026-03-23 19:16:42, MOVE, v:1, k:ed@battleship, mode:PICK
2026-03-23 19:16:45, EXEC, v:1, k:ed@battleship, mode:FULL, rate:0, size:50
2026-03-23 19:17:38, EXEC, v:1, k:ed@battleship, mode:FULL, rate:100, size:50
2026-03-23 19:17:40, MOVE, v:1, k:ed@battleship, mode:BACK
2026-03-23 19:19:28, MOVE, v:1, k:ed@rotten, mode:DOWN
2026-03-23 19:19:30, MOVE, v:1, k:ed@rotten, mode:PICK
2026-03-23 19:19:31, EXEC, v:1, k:ed@rotten, mode:FREE, size:5
2026-03-23 19:23:23, MOVE, v:1, k:ed@rotten, mode:BACK
2026-03-23 19:27:27, MOVE, v:1, k:ed@escada, mode:DOWN
2026-03-23 19:27:29, MOVE, v:1, k:ed@escada, mode:PICK
2026-03-23 19:27:32, EXEC, v:1, k:ed@escada, mode:FREE, size:5
2026-03-23 19:31:44, MOVE, v:1, k:ed@escada, mode:BACK
2026-03-23 19:31:54, MOVE, v:1, k:ed@rotten, mode:PICK
2026-03-23 19:34:59, MOVE, v:1, k:ed@rotten, mode:BACK
2026-03-23 19:35:08, MOVE, v:1, k:ed@escada, mode:PICK
2026-03-23 19:35:11, EXEC, v:1, k:ed@escada, mode:FREE
2026-03-23 19:44:00, EXEC, v:1, k:ed@escada, mode:FULL, rate:100, size:18
2026-03-23 19:44:21, MOVE, v:1, k:ed@escada, mode:BACK
2026-03-23 19:44:30, MOVE, v:1, k:ed@binomiais, mode:DOWN
2026-03-23 19:44:32, MOVE, v:1, k:ed@binomiais, mode:PICK
2026-03-23 19:44:34, EXEC, v:1, k:ed@binomiais, mode:FREE, size:5
2026-03-23 19:45:03, MOVE, v:1, k:ed@binomiais, mode:BACK
2026-03-23 19:46:43, SELF, v:1, k:ed@escada, self:1, rate:100, study:13
2026-03-23 19:46:58, SELF, v:1, k:ed@battleship, self:1, rate:100, study:5
2026-03-23 19:47:26, MOVE, v:1, k:ed@binomiais, mode:PICK
2026-03-23 19:47:27, EXEC, v:1, k:ed@binomiais, mode:FULL, rate:0
2026-03-23 19:50:13, EXEC, v:1, k:ed@binomiais, mode:FULL, rate:100, size:15
2026-03-23 19:50:31, MOVE, v:1, k:ed@binomiais, mode:BACK
2026-03-23 19:50:39, SELF, v:1, k:ed@binomiais, self:1, rate:100, study:3
2026-03-23 19:51:27, MOVE, v:1, k:ed@diagonal, mode:DOWN
2026-03-23 19:51:28, MOVE, v:1, k:ed@diagonal, mode:PICK
2026-03-23 19:57:15, EXEC, v:1, k:ed@diagonal, mode:FULL, rate:0, size:19
2026-03-23 20:04:55, MOVE, v:1, k:ed@diagonal, mode:BACK
