2026-03-10 00:48:58, MOVE, v:1, k:ed@vetequals, mode:DOWN
2026-03-10 00:48:59, MOVE, v:1, k:ed@vetequals, mode:PICK
2026-03-10 00:53:59, EXEC, v:1, k:ed@vetequals, mode:FULL, rate:70, size:11
2026-03-10 00:54:12, EXEC, v:1, k:ed@vetequals, mode:FULL, rate:70
2026-03-10 00:58:31, EXEC, v:1, k:ed@vetequals, mode:FULL, rate:70, size:16
2026-03-10 18:19:44, MOVE, v:1, k:ed@vetequals, mode:PICK
2026-03-10 18:20:29, MOVE, v:1, k:ed@vetequals, mode:BACK
2026-03-10 18:21:59, MOVE, v:1, k:ed@fractais, mode:PICK
2026-03-10 18:22:35, EXEC, v:1, k:ed@fractais, mode:LOCK, rate:0
2026-03-10 18:22:35, EXEC, v:1, k:ed@fractais, mode:LOCK, rate:0
2026-03-10 18:22:36, EXEC, v:1, k:ed@fractais, mode:LOCK, rate:0
2026-03-10 18:22:36, EXEC, v:1, k:ed@fractais, mode:LOCK, rate:0
2026-03-10 18:22:36, EXEC, v:1, k:ed@fractais, mode:LOCK, rate:0
2026-03-10 18:22:37, EXEC, v:1, k:ed@fractais, mode:LOCK, rate:0
2026-03-10 18:24:46, EXEC, v:1, k:ed@fractais, mode:LOCK, rate:0, size:152
2026-03-10 18:24:52, EXEC, v:1, k:ed@fractais, mode:LOCK, rate:0
2026-03-10 18:25:00, EXEC, v:1, k:ed@fractais, mode:FREE
2026-03-10 18:25:06, MOVE, v:1, k:ed@fractais, mode:BACK
2026-03-10 18:25:40, EXEC, v:1, k:fractais@go, mode:FREE, size:152
2026-03-10 18:25:57, EXEC, v:1, k:fractais@go, mode:FREE, size:152
2026-03-10 18:26:23, EXEC, v:1, k:fractais@go, mode:FREE, size:152
2026-03-10 18:26:35, EXEC, v:1, k:fractais@go, mode:FREE, size:152
2026-03-10 18:26:47, EXEC, v:1, k:fractais@go, mode:FREE, size:152
2026-03-10 18:27:01, EXEC, v:1, k:fractais@go, mode:FREE, size:152
2026-03-10 18:27:28, EXEC, v:1, k:fractais@go, mode:FREE, size:152
2026-03-10 18:27:40, EXEC, v:1, k:fractais@go, mode:FREE, size:152
2026-03-10 18:28:29, EXEC, v:1, k:fractais@go, mode:FREE, size:152
2026-03-10 18:29:30, EXEC, v:1, k:fractais@go, mode:FREE, size:152
2026-03-10 18:29:43, EXEC, v:1, k:fractais@go, mode:FREE, size:152
2026-03-10 18:29:54, EXEC, v:1, k:fractais@go, mode:FREE, size:152
2026-03-10 18:30:04, EXEC, v:1, k:fractais@go, mode:FREE, size:152
2026-03-10 18:30:40, EXEC, v:1, k:fractais@go, mode:FREE, size:152
2026-03-10 18:31:01, EXEC, v:1, k:fractais@go, mode:FREE, size:152
2026-03-10 18:31:13, EXEC, v:1, k:fractais@go, mode:FREE, size:152
2026-03-10 18:31:21, EXEC, v:1, k:fractais@go, mode:FREE, size:152
2026-03-10 18:31:29, EXEC, v:1, k:fractais@go, mode:FREE, size:152
2026-03-10 18:31:46, EXEC, v:1, k:fractais@go, mode:FREE, size:152
2026-03-10 18:31:54, EXEC, v:1, k:fractais@go, mode:FREE, size:152
2026-03-10 18:32:03, EXEC, v:1, k:fractais@go, mode:FREE, size:152
2026-03-10 18:32:12, EXEC, v:1, k:fractais@go, mode:FREE, size:152
2026-03-10 18:32:19, EXEC, v:1, k:fractais@go, mode:FREE, size:152
2026-03-10 18:32:27, EXEC, v:1, k:fractais@go, mode:FREE, size:152
2026-03-10 18:32:33, EXEC, v:1, k:fractais@go, mode:FREE, size:152
2026-03-10 18:32:41, EXEC, v:1, k:fractais@go, mode:FREE, size:152
2026-03-10 18:33:29, EXEC, v:1, k:fractais@go, mode:FREE, size:152
2026-03-10 18:33:38, EXEC, v:1, k:fractais@go, mode:FREE, size:152
2026-03-10 18:34:07, EXEC, v:1, k:fractais@go, mode:FREE, size:152
2026-03-10 18:34:13, EXEC, v:1, k:fractais@go, mode:FREE, size:152
2026-03-10 18:34:23, EXEC, v:1, k:fractais@go, mode:FREE, size:152
2026-03-10 18:34:33, EXEC, v:1, k:fractais@go, mode:FREE, size:152
2026-03-10 18:34:50, EXEC, v:1, k:fractais@go, mode:FREE, size:152
2026-03-10 18:35:30, EXEC, v:1, k:fractais@go, mode:FREE, size:152
2026-03-10 18:35:53, EXEC, v:1, k:fractais@go, mode:FREE, size:152
2026-03-10 18:36:03, EXEC, v:1, k:fractais@go, mode:FREE, size:152
2026-03-10 18:36:49, EXEC, v:1, k:fractais@go, mode:FREE, size:152
2026-03-10 18:37:19, EXEC, v:1, k:fractais@go, mode:FREE, size:152
2026-03-10 18:37:28, EXEC, v:1, k:fractais@go, mode:FREE, size:152
2026-03-10 18:37:34, EXEC, v:1, k:fractais@go, mode:FREE, size:152
2026-03-10 18:37:56, EXEC, v:1, k:fractais@go, mode:FREE, size:152
2026-03-10 18:38:07, EXEC, v:1, k:fractais@go, mode:FREE, size:152
2026-03-10 18:38:14, EXEC, v:1, k:fractais@go, mode:FREE, size:152
2026-03-10 18:38:20, EXEC, v:1, k:fractais@go, mode:FREE, size:152
2026-03-10 18:38:29, EXEC, v:1, k:fractais@go, mode:FREE, size:152
2026-03-10 18:38:37, EXEC, v:1, k:fractais@go, mode:FREE, size:152
2026-03-10 18:38:59, EXEC, v:1, k:fractais@go, mode:FREE, size:152
2026-03-10 18:39:31, EXEC, v:1, k:fractais@go, mode:FREE, size:152
2026-03-10 18:39:57, EXEC, v:1, k:fractais@go, mode:FREE, size:152
2026-03-10 18:41:56, EXEC, v:1, k:fractais@go, mode:FREE, size:152
2026-03-10 18:42:18, EXEC, v:1, k:fractais@go, mode:FREE, size:152
2026-03-10 18:42:28, EXEC, v:1, k:fractais@go, mode:FREE, size:152
2026-03-10 18:42:42, EXEC, v:1, k:fractais@go, mode:FREE, size:152
2026-03-10 18:42:52, EXEC, v:1, k:fractais@go, mode:FREE, size:152
2026-03-10 18:42:59, EXEC, v:1, k:fractais@go, mode:FREE, size:152
2026-03-10 18:43:32, EXEC, v:1, k:fractais@go, mode:FREE, size:156
2026-03-10 18:43:55, EXEC, v:1, k:fractais@go, mode:FREE, size:161
2026-03-10 18:44:29, EXEC, v:1, k:fractais@go, mode:FREE, size:161
2026-03-10 18:44:41, EXEC, v:1, k:fractais@go, mode:FREE, size:161
2026-03-10 18:44:51, EXEC, v:1, k:fractais@go, mode:FREE, size:161
2026-03-10 18:45:00, EXEC, v:1, k:fractais@go, mode:FREE, size:161
2026-03-10 18:45:12, EXEC, v:1, k:fractais@go, mode:FREE, size:161
2026-03-10 18:45:27, EXEC, v:1, k:fractais@go, mode:FREE, size:161
2026-03-10 18:45:38, EXEC, v:1, k:fractais@go, mode:FREE, size:161
2026-03-10 18:45:48, EXEC, v:1, k:fractais@go, mode:FREE, size:161
2026-03-10 18:45:57, EXEC, v:1, k:fractais@go, mode:FREE, size:161
2026-03-10 18:46:05, EXEC, v:1, k:fractais@go, mode:FREE, size:161
2026-03-10 18:46:15, EXEC, v:1, k:fractais@go, mode:FREE, size:161
2026-03-10 18:46:23, EXEC, v:1, k:fractais@go, mode:FREE, size:161
2026-03-10 18:46:30, EXEC, v:1, k:fractais@go, mode:FREE, size:161
2026-03-10 18:46:42, EXEC, v:1, k:fractais@go, mode:FREE, size:161
2026-03-10 18:46:49, EXEC, v:1, k:fractais@go, mode:FREE, size:161
2026-03-10 18:47:21, EXEC, v:1, k:fractais@go, mode:FREE, size:161
2026-03-10 18:48:42, EXEC, v:1, k:fractais@go, mode:FREE, size:161
2026-03-10 18:48:57, EXEC, v:1, k:fractais@go, mode:FREE, size:161
2026-03-10 18:52:09, MOVE, v:1, k:ed@vetequals, mode:PICK
2026-03-10 19:03:14, EXEC, v:1, k:ed@vetequals, mode:FULL, size:27, fail:COMP
2026-03-10 19:03:22, EXEC, v:1, k:ed@vetequals, mode:FULL, rate:30, size:26
2026-03-10 19:03:53, EXEC, v:1, k:ed@vetequals, mode:FULL, rate:0, size:26
2026-03-10 19:04:08, EXEC, v:1, k:ed@vetequals, mode:FULL, rate:30, size:26
2026-03-10 19:11:10, EXEC, v:1, k:ed@vetequals, mode:FULL, rate:0, size:29
2026-03-10 19:12:09, EXEC, v:1, k:ed@vetequals, mode:FULL, rate:0, size:30
2026-03-10 19:12:29, EXEC, v:1, k:ed@vetequals, mode:FULL, rate:0, size:30
2026-03-10 19:12:41, MOVE, v:1, k:ed@vetequals, mode:BACK
2026-03-10 19:16:29, MOVE, v:1, k:ed@vetequals, mode:PICK
2026-03-10 19:16:30, EXEC, v:1, k:ed@vetequals, mode:FULL, rate:0, size:33
2026-03-10 19:16:39, EXEC, v:1, k:ed@vetequals, mode:FULL, rate:0, size:33
2026-03-10 19:16:59, EXEC, v:1, k:ed@vetequals, mode:FULL, rate:0, size:33
2026-03-10 19:17:05, EXEC, v:1, k:ed@vetequals, mode:FULL, rate:0
2026-03-10 19:20:53, EXEC, v:1, k:ed@vetequals, mode:FULL, rate:0, size:34
2026-03-10 19:21:03, EXEC, v:1, k:ed@vetequals, mode:FULL, rate:30, size:33
2026-03-10 19:22:03, EXEC, v:1, k:ed@vetequals, mode:FULL, size:33, fail:COMP
2026-03-10 19:22:11, EXEC, v:1, k:ed@vetequals, mode:FULL, size:33, fail:COMP
2026-03-10 19:22:17, EXEC, v:1, k:ed@vetequals, mode:FULL, fail:COMP
2026-03-10 19:22:19, EXEC, v:1, k:ed@vetequals, mode:FULL, rate:30, size:32
2026-03-10 19:23:42, EXEC, v:1, k:ed@vetequals, mode:FULL, rate:30, size:32
2026-03-10 19:23:43, EXEC, v:1, k:ed@vetequals, mode:FULL, rate:30
2026-03-10 19:25:09, EXEC, v:1, k:ed@vetequals, mode:FULL, rate:30, size:33
2026-03-10 19:25:12, EXEC, v:1, k:ed@vetequals, mode:FULL, rate:30
2026-03-10 19:26:00, EXEC, v:1, k:ed@vetequals, mode:FULL, rate:0, size:34
2026-03-10 19:26:04, EXEC, v:1, k:ed@vetequals, mode:FULL, rate:0
2026-03-10 19:26:34, EXEC, v:1, k:ed@vetequals, mode:FULL, rate:0, size:35
2026-03-10 19:26:50, EXEC, v:1, k:ed@vetequals, mode:FULL, rate:100, size:35
2026-03-10 19:27:07, EXEC, v:1, k:ed@vetequals, mode:FULL, rate:100, size:25
2026-03-10 19:37:11, EXEC, v:1, k:ed@vetequals, mode:FULL, rate:30, size:29
2026-03-10 19:38:42, EXEC, v:1, k:ed@vetequals, mode:FULL, rate:0, size:26
2026-03-10 19:39:26, EXEC, v:1, k:ed@vetequals, mode:FULL, rate:80, size:29
2026-03-10 19:39:28, EXEC, v:1, k:ed@vetequals, mode:FULL, rate:80
2026-03-10 19:41:47, EXEC, v:1, k:ed@vetequals, mode:FULL, rate:80, size:29
2026-03-10 19:41:49, EXEC, v:1, k:ed@vetequals, mode:FULL, rate:80
2026-03-10 19:41:50, EXEC, v:1, k:ed@vetequals, mode:FULL, rate:80
2026-03-10 19:42:03, EXEC, v:1, k:ed@vetequals, mode:FULL, rate:70, size:29
2026-03-10 19:42:26, EXEC, v:1, k:ed@vetequals, mode:FULL, rate:50, size:29
2026-03-10 19:42:36, EXEC, v:1, k:ed@vetequals, mode:FULL, rate:80, size:29
2026-03-10 19:43:46, EXEC, v:1, k:ed@vetequals, mode:FULL, rate:0, size:26
2026-03-10 19:45:09, MOVE, v:1, k:ed@vetequals, mode:PICK
2026-03-10 19:45:31, EXEC, v:1, k:ed@vetequals, mode:FULL, rate:0, size:30
2026-03-10 19:45:42, EXEC, v:1, k:ed@vetequals, mode:FULL, rate:0, size:30
2026-03-10 19:49:14, EXEC, v:1, k:ed@vetequals, mode:FULL, rate:0, size:32
2026-03-10 19:50:44, EXEC, v:1, k:ed@vetequals, mode:FULL, rate:0, size:30
2026-03-10 19:50:58, EXEC, v:1, k:ed@vetequals, mode:FULL, rate:0, size:30
2026-03-10 19:51:00, EXEC, v:1, k:ed@vetequals, mode:FULL, rate:100
2026-03-10 19:52:21, EXEC, v:1, k:ed@vetequals, mode:FULL, rate:80, size:30
2026-03-10 19:52:36, EXEC, v:1, k:ed@vetequals, mode:FULL, rate:0, size:30
2026-03-10 19:52:50, EXEC, v:1, k:ed@vetequals, mode:FULL, rate:80, size:30
2026-03-10 19:52:56, EXEC, v:1, k:ed@vetequals, mode:FULL, rate:80, size:30
2026-03-10 19:53:01, EXEC, v:1, k:ed@vetequals, mode:FULL, rate:0
2026-03-10 19:53:35, EXEC, v:1, k:ed@vetequals, mode:FULL, rate:100, size:29
2026-03-10 19:53:45, EXEC, v:1, k:ed@vetequals, mode:FULL, rate:100, size:28
2026-03-10 19:54:29, EXEC, v:1, k:ed@vetequals, mode:FULL, rate:0, size:29
2026-03-10 19:54:50, EXEC, v:1, k:ed@vetequals, mode:FULL, rate:0, size:29
2026-03-10 19:55:08, EXEC, v:1, k:ed@vetequals, mode:FULL, rate:0, size:30
2026-03-10 19:56:22, MOVE, v:1, k:ed@vetequals, mode:PICK
2026-03-10 19:56:24, EXEC, v:1, k:ed@vetequals, mode:FULL, rate:0
2026-03-10 19:56:41, EXEC, v:1, k:ed@vetequals, mode:FULL, rate:0, size:30
2026-03-10 19:56:43, EXEC, v:1, k:ed@vetequals, mode:FULL, rate:80
2026-03-10 19:57:36, EXEC, v:1, k:ed@vetequals, mode:FULL, rate:100, size:28
2026-03-10 19:57:40, MOVE, v:1, k:ed@vetequals, mode:BACK
2026-03-10 19:57:55, SELF, v:1, k:ed@vetequals, self:1, rate:100, study:75
2026-03-10 19:57:59, MOVE, v:1, k:ed@priminhos, mode:DOWN
2026-03-10 19:57:59, MOVE, v:1, k:ed@priminhos, mode:PICK
2026-03-10 19:58:01, MOVE, v:1, k:ed@priminhos, mode:BACK
