2026-04-26 21:10:35, MOVE, v:1, k:ed@wordsearch, mode:PICK
2026-04-26 21:10:36, MOVE, v:1, k:ed@wordsearch, mode:BACK
2026-04-26 21:10:48, MOVE, v:1, k:ed@wordsearch, mode:PICK
2026-04-26 21:10:51, EXEC, v:1, k:ed@wordsearch, mode:FULL, rate:100, size:85
2026-04-26 21:10:52, MOVE, v:1, k:ed@wordsearch, mode:BACK
2026-04-26 21:11:05, SELF, v:1, k:ed@wordsearch, self:1, rate:100, study:45
2026-04-26 21:11:12, MOVE, v:1, k:ed@vetbuild, mode:DOWN
2026-04-26 21:11:13, MOVE, v:1, k:ed@vetbuild, mode:PICK
2026-04-26 21:10:51, MOVE, v:1, k:ed@wordsearch, mode:EDIT
2026-04-26 21:11:12, MOVE, v:1, k:ed@vetbuild, mode:EDIT
2026-04-26 21:11:12, MOVE, v:1, k:ed@vetbuild, mode:EDIT
2026-04-26 21:11:12, MOVE, v:1, k:ed@vetbuild, mode:EDIT
2026-04-26 21:13:13, MOVE, v:1, k:ed@vetbuild, mode:EDIT
2026-04-26 21:19:24, MOVE, v:1, k:ed@vetbuild, mode:EDIT
2026-04-26 21:20:48, EXEC, v:1, k:ed@vetbuild, mode:FULL, rate:0, size:135
2026-04-26 21:23:36, EXEC, v:1, k:ed@vetbuild, mode:FULL, rate:0, size:135
2026-04-26 21:24:24, EXEC, v:1, k:ed@vetbuild, mode:FULL, rate:0, size:135
2026-04-26 21:24:24, MOVE, v:1, k:ed@vetbuild, mode:EDIT
2026-04-26 21:24:24, MOVE, v:1, k:ed@vetbuild, mode:EDIT
2026-04-26 21:29:25, MOVE, v:1, k:ed@vetbuild, mode:EDIT
2026-04-26 21:34:24, MOVE, v:1, k:ed@vetbuild, mode:EDIT
2026-04-26 21:38:44, MOVE, v:1, k:ed@vetbuild, mode:EDIT
2026-04-26 21:51:53, EXEC, v:1, k:ed@vetbuild, mode:FULL, rate:0, size:194
2026-04-26 21:53:47, MOVE, v:1, k:ed@vetbuild, mode:EDIT
2026-04-26 21:51:53, MOVE, v:1, k:ed@vetbuild, mode:EDIT
2026-04-26 21:59:59, MOVE, v:1, k:ed@vetbuild, mode:EDIT
2026-04-26 22:16:44, MOVE, v:1, k:ed@vetbuild, mode:EDIT
2026-04-26 22:21:34, MOVE, v:1, k:ed@vetbuild, mode:EDIT
2026-04-26 22:23:22, MOVE, v:1, k:ed@vetbuild, mode:EDIT
2026-04-26 22:38:07, EXEC, v:1, k:ed@vetbuild, mode:FULL, rate:0, size:245
2026-04-26 22:39:56, EXEC, v:1, k:ed@vetbuild, mode:FULL, rate:0, size:245
2026-04-26 22:40:17, EXEC, v:1, k:ed@vetbuild, mode:FULL, rate:0, size:245
2026-04-26 22:40:20, EXEC, v:1, k:ed@vetbuild, mode:FULL, rate:0
2026-04-26 22:40:16, MOVE, v:1, k:ed@vetbuild, mode:EDIT
2026-04-26 22:40:20, MOVE, v:1, k:ed@vetbuild, mode:EDIT
2026-04-26 22:42:13, EXEC, v:1, k:ed@vetbuild, mode:FULL, rate:9, size:248
2026-04-26 22:42:52, EXEC, v:1, k:ed@vetbuild, mode:FULL, rate:9, size:252
2026-04-26 22:42:51, MOVE, v:1, k:ed@vetbuild, mode:EDIT
2026-04-26 22:42:52, MOVE, v:1, k:ed@vetbuild, mode:EDIT
2026-04-26 22:52:14, EXEC, v:1, k:ed@vetbuild, mode:FULL, rate:9, size:256
2026-04-26 22:54:14, EXEC, v:1, k:ed@vetbuild, mode:FULL, rate:9, size:258
2026-04-26 22:55:33, MOVE, v:1, k:ed@vetbuild, mode:PICK
2026-04-26 22:55:34, EXEC, v:1, k:ed@vetbuild, mode:FULL, rate:9
2026-04-26 22:57:35, EXEC, v:1, k:ed@vetbuild, mode:FULL, rate:18, size:258
2026-04-26 22:57:35, MOVE, v:1, k:ed@vetbuild, mode:EDIT
2026-04-26 22:59:53, MOVE, v:1, k:ed@vetbuild, mode:EDIT
2026-04-26 23:04:48, MOVE, v:1, k:ed@vetbuild, mode:PICK
2026-04-26 23:04:49, EXEC, v:1, k:ed@vetbuild, mode:FULL, rate:36, size:258
2026-04-26 23:05:09, EXEC, v:1, k:ed@vetbuild, mode:FULL, rate:36
2026-04-26 23:05:49, EXEC, v:1, k:ed@vetbuild, mode:FULL, rate:45, size:258
2026-04-26 23:06:12, EXEC, v:1, k:ed@vetbuild, mode:FULL, rate:54, size:258
2026-04-26 23:08:43, EXEC, v:1, k:ed@vetbuild, mode:FULL, rate:54, size:258
2026-04-26 23:08:43, MOVE, v:1, k:ed@vetbuild, mode:EDIT
2026-04-26 23:09:46, MOVE, v:1, k:ed@vetbuild, mode:EDIT
2026-04-26 23:13:30, EXEC, v:1, k:ed@vetbuild, mode:FULL, rate:54, size:258
2026-04-26 23:14:11, EXEC, v:1, k:ed@vetbuild, mode:FULL, rate:54, size:258
2026-04-26 23:14:29, EXEC, v:1, k:ed@vetbuild, mode:FULL, rate:54, size:258
2026-04-26 23:14:34, EXEC, v:1, k:ed@vetbuild, mode:FULL, rate:54, size:258
2026-04-26 23:14:33, MOVE, v:1, k:ed@vetbuild, mode:EDIT
2026-04-26 23:14:34, MOVE, v:1, k:ed@vetbuild, mode:EDIT
2026-04-26 23:14:56, EXEC, v:1, k:ed@vetbuild, mode:FULL, rate:54, size:258
2026-04-26 23:15:13, EXEC, v:1, k:ed@vetbuild, mode:FULL, rate:54, size:258
2026-04-26 23:15:19, EXEC, v:1, k:ed@vetbuild, mode:FULL, rate:54, size:258
2026-04-26 23:17:53, EXEC, v:1, k:ed@vetbuild, mode:FULL, rate:72, size:259
2026-04-26 23:19:29, EXEC, v:1, k:ed@vetbuild, mode:FULL, rate:72, size:259
2026-04-26 23:18:33, MOVE, v:1, k:ed@vetbuild, mode:EDIT
2026-04-26 23:19:29, MOVE, v:1, k:ed@vetbuild, mode:EDIT
2026-04-26 23:19:53, EXEC, v:1, k:ed@vetbuild, mode:FULL, rate:72, size:259
2026-04-26 23:21:03, EXEC, v:1, k:ed@vetbuild, mode:FULL, rate:72, size:260
2026-04-26 23:22:35, EXEC, v:1, k:ed@vetbuild, mode:FULL, rate:72, size:260
2026-04-26 23:22:42, EXEC, v:1, k:ed@vetbuild, mode:FULL, rate:81, size:260
2026-04-26 23:23:26, EXEC, v:1, k:ed@vetbuild, mode:FULL, rate:90, size:260
2026-04-26 23:24:30, MOVE, v:1, k:ed@vetbuild, mode:PICK
2026-04-26 23:24:31, EXEC, v:1, k:ed@vetbuild, mode:FULL, rate:90
2026-04-26 23:24:31, MOVE, v:1, k:ed@vetbuild, mode:EDIT
2026-04-26 23:30:27, EXEC, v:1, k:ed@vetbuild, mode:FULL, rate:100, size:262
2026-04-26 23:32:05, MOVE, v:1, k:ed@vetbuild, mode:BACK
2026-04-26 23:32:40, SELF, v:1, k:ed@vetbuild, self:1, rate:100, study:120, concept:1
2026-04-26 23:32:50, MOVE, v:1, k:ed@setbuild, mode:DOWN
2026-04-26 23:32:51, MOVE, v:1, k:ed@setbuild, mode:PICK
2026-04-26 23:30:26, MOVE, v:1, k:ed@vetbuild, mode:EDIT
2026-04-26 23:30:27, MOVE, v:1, k:ed@vetbuild, mode:EDIT
2026-04-26 23:32:50, MOVE, v:1, k:ed@setbuild, mode:EDIT
2026-04-26 23:32:50, MOVE, v:1, k:ed@setbuild, mode:EDIT
2026-04-26 23:32:50, MOVE, v:1, k:ed@setbuild, mode:EDIT
2026-04-26 23:32:50, MOVE, v:1, k:ed@setbuild, mode:EDIT
2026-04-26 23:35:11, MOVE, v:1, k:ed@setbuild, mode:BACK
2026-04-26 23:35:12, MOVE, v:1, k:ed@vetbuild, mode:PICK
2026-04-26 23:39:12, MOVE, v:1, k:ed@setbuild, mode:EDIT
2026-04-26 23:43:55, MOVE, v:1, k:ed@setbuild, mode:EDIT
2026-04-26 23:45:10, MOVE, v:1, k:ed@setbuild, mode:EDIT
2026-04-26 23:51:13, MOVE, v:1, k:ed@setbuild, mode:EDIT
2026-04-26 23:58:05, MOVE, v:1, k:ed@setbuild, mode:EDIT
