2026-03-16 20:53:30, MOVE, v:1, k:ed@ilhas, mode:PICK
2026-03-16 21:20:09, MOVE, v:1, k:ed@ilhas, mode:BACK
2026-03-16 21:20:51, MOVE, v:1, k:ed@ilhas, mode:PICK
2026-03-16 21:20:54, MOVE, v:1, k:ed@ilhas, mode:BACK
2026-03-16 21:22:45, MOVE, v:1, k:ed@ilhas, mode:PICK
2026-03-16 21:22:48, EXEC, v:1, k:ed@ilhas, mode:FULL, rate:0, size:58
2026-03-16 21:30:02, EXEC, v:1, k:ed@ilhas, mode:FULL, rate:0
2026-03-16 21:32:43, MOVE, v:1, k:ed@ilhas, mode:BACK
2026-03-16 21:37:26, MOVE, v:1, k:ed@ilhas, mode:PICK
2026-03-16 21:37:26, EXEC, v:1, k:ed@ilhas, mode:FULL, rate:0, size:49
2026-03-16 21:38:06, EXEC, v:1, k:ed@ilhas, mode:FULL, rate:0, size:49
2026-03-16 21:39:00, EXEC, v:1, k:ed@ilhas, mode:FULL, rate:0, size:49
2026-03-16 21:39:08, EXEC, v:1, k:ed@ilhas, mode:FULL, rate:0
2026-03-16 21:40:03, EXEC, v:1, k:ed@ilhas, mode:FULL, rate:100, size:49
2026-03-16 21:40:34, MOVE, v:1, k:ed@ilhas, mode:BACK
2026-03-16 21:41:11, SELF, v:1, k:ed@ilhas, self:1, rate:100, study:90, concept:1, problem:1
2026-03-16 21:42:09, MOVE, v:1, k:ed@cercado, mode:DOWN
2026-03-16 21:42:11, MOVE, v:1, k:ed@cercado, mode:PICK
2026-03-16 21:42:49, MOVE, v:1, k:ed@cercado, mode:BACK
2026-03-16 21:42:50, MOVE, v:1, k:ed@ilhas, mode:PICK
2026-03-16 21:44:52, MOVE, v:1, k:ed@ilhas, mode:BACK
2026-03-16 21:45:01, MOVE, v:1, k:ed@cercado, mode:PICK
2026-03-16 21:57:41, EXEC, v:1, k:ed@cercado, mode:FULL, size:44, fail:COMP
2026-03-16 22:19:25, EXEC, v:1, k:ed@cercado, mode:FULL, rate:66, size:59
2026-03-16 22:19:32, EXEC, v:1, k:ed@cercado, mode:FULL, rate:66
2026-03-16 22:21:19, EXEC, v:1, k:ed@cercado, mode:FULL, rate:66, size:59
2026-03-16 22:25:59, EXEC, v:1, k:ed@cercado, mode:FULL, rate:66, size:60
2026-03-16 22:28:52, EXEC, v:1, k:ed@cercado, mode:FULL, rate:66, size:60
2026-03-16 22:29:37, EXEC, v:1, k:ed@cercado, mode:FULL, rate:100, size:60
2026-03-16 22:36:22, EXEC, v:1, k:ed@cercado, mode:FULL, rate:100, size:59
2026-03-16 22:38:49, MOVE, v:1, k:ed@cercado, mode:BACK
2026-03-16 22:39:21, SELF, v:1, k:ed@cercado, self:1, rate:100, study:55, concept:1, debug:1
