2026-03-30 15:31:14, MOVE, v:1, k:ed@longest, mode:PICK
2026-03-30 15:31:16, EXEC, v:1, k:ed@longest, mode:FREE
2026-03-30 15:32:17, EXEC, v:1, k:ed@longest, mode:FULL, rate:0, size:88
2026-03-30 15:34:04, EXEC, v:1, k:ed@longest, mode:FULL, rate:0, size:88
2026-03-30 15:34:39, EXEC, v:1, k:ed@longest, mode:FULL, rate:0, size:88
2026-03-30 15:35:18, EXEC, v:1, k:ed@longest, mode:FULL, rate:33, size:86
2026-03-30 15:35:25, EXEC, v:1, k:ed@longest, mode:FULL, rate:33
2026-03-30 15:35:28, EXEC, v:1, k:ed@longest, mode:FULL, rate:66, size:85
2026-03-30 15:50:13, EXEC, v:1, k:ed@longest, mode:FULL, rate:66
2026-03-30 18:48:26, MOVE, v:1, k:ed@longest, mode:PICK
2026-03-30 18:48:27, EXEC, v:1, k:ed@longest, mode:FREE
2026-03-30 18:53:03, EXEC, v:1, k:ed@longest, mode:FULL, rate:0, size:85
2026-03-30 19:01:37, MOVE, v:1, k:ed@longest, mode:BACK
2026-03-30 19:03:11, MOVE, v:1, k:ed@longest, mode:PICK
2026-03-30 19:03:15, MOVE, v:1, k:ed@longest, mode:BACK
2026-03-30 19:03:30, MOVE, v:1, k:ed@longest, mode:PICK
2026-03-30 19:03:32, EXEC, v:1, k:ed@longest, mode:FREE
2026-03-30 19:04:03, EXEC, v:1, k:ed@longest, mode:FULL, rate:0
2026-03-30 19:07:44, EXEC, v:1, k:ed@longest, mode:FULL, rate:0, size:85
2026-03-30 19:07:46, EXEC, v:1, k:ed@longest, mode:FULL, rate:33
2026-03-30 19:10:44, EXEC, v:1, k:ed@longest, mode:FULL, rate:0, size:85
2026-03-30 19:21:33, EXEC, v:1, k:ed@longest, mode:FULL, rate:0, size:90
2026-03-30 19:27:05, MOVE, v:1, k:ed@longest, mode:PICK
2026-03-30 19:27:05, EXEC, v:1, k:ed@longest, mode:FULL, size:73, fail:COMP
2026-03-30 19:27:11, EXEC, v:1, k:ed@longest, mode:FULL, fail:COMP
2026-03-30 19:28:12, EXEC, v:1, k:ed@longest, mode:FULL, size:73, fail:COMP
2026-03-30 19:28:13, EXEC, v:1, k:ed@longest, mode:FULL, rate:66, size:73
2026-03-30 19:34:47, EXEC, v:1, k:ed@longest, mode:FULL, size:85, fail:COMP
2026-03-30 19:34:59, EXEC, v:1, k:ed@longest, mode:FULL, rate:33, size:85
2026-03-30 19:40:57, EXEC, v:1, k:ed@longest, mode:FULL, rate:0, size:85
2026-03-30 19:42:41, EXEC, v:1, k:ed@longest, mode:FULL, rate:0, size:85
2026-03-30 19:45:43, EXEC, v:1, k:ed@longest, mode:FULL, rate:0, size:85
2026-03-30 19:52:21, EXEC, v:1, k:ed@longest, mode:FULL, rate:0, size:72
