2026-03-04 04:05:59, MOVE, v:1, k:ed@princesa, mode:DOWN
2026-03-04 04:06:00, MOVE, v:1, k:ed@apagando, mode:DOWN
2026-03-04 04:06:02, MOVE, v:1, k:ed@buscas, mode:DOWN
2026-03-04 04:06:03, MOVE, v:1, k:ed@rotacoes, mode:DOWN
2026-03-04 04:06:03, MOVE, v:1, k:ed@alternando, mode:DOWN
2026-03-04 04:27:52, MOVE, v:1, k:sandbox@pintando, mode:PICK
2026-03-04 04:38:12, MOVE, v:1, k:sandbox@pintando, mode:BACK
2026-03-04 04:40:12, MOVE, v:1, k:sandbox@pintando, mode:PICK
2026-03-04 04:57:52, EXEC, v:1, k:sandbox@pintando, mode:FULL, rate:0, size:20
2026-03-04 05:01:26, EXEC, v:1, k:sandbox@pintando, mode:FULL, rate:100, size:20
2026-03-04 05:01:52, MOVE, v:1, k:sandbox@pintando, mode:BACK
2026-03-04 05:02:49, MOVE, v:1, k:sandbox@mumia, mode:PICK
2026-03-04 05:03:42, MOVE, v:1, k:sandbox@mumia, mode:BACK
2026-03-04 05:03:49, MOVE, v:1, k:sandbox@mumia, mode:PICK
2026-03-04 05:11:05, EXEC, v:1, k:sandbox@mumia, mode:FULL, rate:0, size:23
2026-03-04 05:11:21, EXEC, v:1, k:sandbox@mumia, mode:FULL, rate:100, size:23
2026-03-04 05:14:01, EXEC, v:1, k:sandbox@mumia, mode:FULL, rate:0, size:26
2026-03-04 05:14:08, EXEC, v:1, k:sandbox@mumia, mode:FULL, rate:100, size:26
2026-03-04 05:14:27, MOVE, v:1, k:sandbox@mumia, mode:BACK
2026-03-04 05:14:51, MOVE, v:1, k:sandbox@fuga, mode:PICK
2026-03-04 05:37:05, MOVE, v:1, k:sandbox@fuga, mode:BACK
2026-03-04 05:37:06, MOVE, v:1, k:sandbox@fuga, mode:PICK
2026-03-04 05:37:07, EXEC, v:1, k:sandbox@fuga, mode:FULL, rate:80, size:16
2026-03-04 05:37:47, EXEC, v:1, k:sandbox@fuga, mode:FULL, rate:80, size:16
2026-03-04 05:37:49, EXEC, v:1, k:sandbox@fuga, mode:FULL, rate:80
2026-03-04 05:38:13, EXEC, v:1, k:sandbox@fuga, mode:FULL, rate:80, size:18
2026-03-04 05:41:20, EXEC, v:1, k:sandbox@fuga, mode:FULL, rate:80, size:18
2026-03-04 05:42:21, EXEC, v:1, k:sandbox@fuga, mode:FULL, rate:80, size:17
2026-03-04 05:42:22, EXEC, v:1, k:sandbox@fuga, mode:FULL, rate:80
2026-03-04 05:44:03, EXEC, v:1, k:sandbox@fuga, mode:FULL, rate:20, size:25
2026-03-04 05:44:18, EXEC, v:1, k:sandbox@fuga, mode:FULL, rate:100, size:25
2026-03-04 14:04:23, MOVE, v:1, k:sandbox@fuga, mode:PICK
2026-03-04 14:04:26, EXEC, v:1, k:sandbox@fuga, mode:FULL, rate:100
2026-03-04 14:04:27, MOVE, v:1, k:sandbox@fuga, mode:BACK
2026-03-04 14:05:03, MOVE, v:1, k:sandbox@pedra, mode:PICK
2026-03-04 19:36:38, MOVE, v:1, k:sandbox@pedra, mode:PICK
2026-03-04 19:43:55, EXEC, v:1, k:sandbox@pedra, mode:FULL, rate:0, size:40
2026-03-04 19:51:44, EXEC, v:1, k:sandbox@pedra, mode:FULL, rate:0, size:50
2026-03-04 20:01:08, EXEC, v:1, k:sandbox@pedra, mode:FULL, rate:0, size:57
2026-03-04 20:02:38, EXEC, v:1, k:sandbox@pedra, mode:FULL, rate:25, size:59
2026-03-04 20:03:57, EXEC, v:1, k:sandbox@pedra, mode:FULL, rate:100, size:60
2026-03-04 20:07:46, MOVE, v:1, k:sandbox@pedra, mode:BACK
2026-03-04 20:08:06, MOVE, v:1, k:sandbox@casais, mode:PICK
2026-03-04 20:08:35, MOVE, v:1, k:sandbox@casais, mode:BACK
2026-03-04 20:09:08, MOVE, v:1, k:sandbox@casais, mode:PICK
2026-03-04 20:22:02, EXEC, v:1, k:sandbox@casais, mode:FULL, rate:0, size:27
2026-03-04 20:22:11, EXEC, v:1, k:sandbox@casais, mode:FULL, rate:0
2026-03-04 20:22:17, EXEC, v:1, k:sandbox@casais, mode:FULL, rate:0, size:28
2026-03-04 20:22:33, MOVE, v:1, k:sandbox@casais, mode:BACK
2026-03-04 20:22:39, MOVE, v:1, k:sandbox@casais, mode:PICK
2026-03-04 20:22:42, EXEC, v:1, k:sandbox@casais, mode:FULL, rate:0
2026-03-04 20:25:21, EXEC, v:1, k:sandbox@casais, mode:FULL, rate:0
2026-03-04 20:25:40, EXEC, v:1, k:sandbox@casais, mode:FULL, rate:0, size:29
2026-03-04 20:26:08, EXEC, v:1, k:sandbox@casais, mode:FULL, rate:0, size:28
2026-03-04 20:29:29, EXEC, v:1, k:sandbox@casais, mode:FULL, rate:66, size:29
2026-03-04 20:29:35, EXEC, v:1, k:sandbox@casais, mode:FULL, rate:66
2026-03-04 20:32:13, EXEC, v:1, k:sandbox@casais, mode:FULL, rate:66, size:29
2026-03-04 20:34:27, EXEC, v:1, k:sandbox@casais, mode:FULL, rate:66, size:33
2026-03-04 20:38:13, EXEC, v:1, k:sandbox@casais, mode:FULL, rate:0, size:29
2026-03-04 20:38:27, EXEC, v:1, k:sandbox@casais, mode:FULL, rate:0, size:29
2026-03-04 20:42:15, EXEC, v:1, k:sandbox@casais, mode:FULL, rate:33, size:32
2026-03-04 20:46:34, EXEC, v:1, k:sandbox@casais, mode:FULL, rate:66, size:29
2026-03-04 20:47:29, EXEC, v:1, k:sandbox@casais, mode:FULL, rate:66, size:30
2026-03-04 20:47:31, EXEC, v:1, k:sandbox@casais, mode:FULL, rate:66
2026-03-04 20:48:43, EXEC, v:1, k:sandbox@casais, mode:FULL, rate:100, size:29
2026-03-04 20:49:22, MOVE, v:1, k:sandbox@casais, mode:BACK
2026-03-04 20:52:03, MOVE, v:1, k:sandbox@baruel, mode:PICK
2026-03-04 21:48:08, MOVE, v:1, k:sandbox@baruel, mode:BACK
2026-03-04 21:48:09, MOVE, v:1, k:sandbox@baruel, mode:PICK
2026-03-04 21:48:10, EXEC, v:1, k:sandbox@baruel, mode:FULL, rate:0, size:47
2026-03-04 21:50:07, EXEC, v:1, k:sandbox@baruel, mode:FULL, rate:0, size:47
2026-03-04 21:51:18, EXEC, v:1, k:sandbox@baruel, mode:FULL, rate:0, size:47
2026-03-04 21:53:26, EXEC, v:1, k:sandbox@baruel, mode:FULL, rate:0, size:47
2026-03-04 21:54:11, MOVE, v:1, k:sandbox@baruel, mode:BACK
2026-03-04 21:55:40, MOVE, v:1, k:sandbox@baruel, mode:PICK
2026-03-04 21:56:28, EXEC, v:1, k:sandbox@baruel, mode:FULL, rate:50, size:47
2026-03-04 21:58:40, EXEC, v:1, k:sandbox@baruel, mode:FULL, rate:50, size:51
2026-03-04 21:58:58, EXEC, v:1, k:sandbox@baruel, mode:FULL, rate:50
2026-03-04 21:59:12, EXEC, v:1, k:sandbox@baruel, mode:FULL, rate:100, size:51
2026-03-04 21:59:44, MOVE, v:1, k:sandbox@baruel, mode:BACK
2026-03-04 22:00:31, MOVE, v:1, k:sandbox@gomos, mode:PICK
