2026-03-17 18:34:44, MOVE, v:1, k:ed@labirinto, mode:PICK
2026-03-17 18:37:57, MOVE, v:1, k:ed@labirinto, mode:BACK
2026-03-17 18:38:41, MOVE, v:1, k:ed@fractais, mode:PICK
2026-03-17 18:40:17, MOVE, v:1, k:ed@fractais, mode:BACK
2026-03-17 18:42:56, MOVE, v:1, k:ed@longest, mode:DOWN
2026-03-17 18:42:56, MOVE, v:1, k:ed@longest, mode:PICK
2026-03-17 18:57:03, EXEC, v:1, k:ed@longest, mode:FULL, rate:0, size:71
2026-03-17 19:01:37, MOVE, v:1, k:ed@longest, mode:BACK
2026-03-17 19:01:42, MOVE, v:1, k:ed@ilhas, mode:PICK
2026-03-17 19:02:58, MOVE, v:1, k:ed@ilhas, mode:BACK
2026-03-17 19:03:11, MOVE, v:1, k:ed@pintura, mode:PICK
2026-03-17 19:05:29, MOVE, v:1, k:ed@pintura, mode:BACK
2026-03-17 19:05:31, MOVE, v:1, k:ed@longest, mode:PICK
2026-03-17 19:09:53, EXEC, v:1, k:ed@longest, mode:FULL, rate:0, size:60
2026-03-17 19:11:37, MOVE, v:1, k:ed@longest, mode:BACK
2026-03-17 19:11:43, MOVE, v:1, k:ed@labirinto, mode:PICK
2026-03-17 19:23:37, EXEC, v:1, k:ed@labirinto, mode:FULL, rate:100
2026-03-17 19:23:39, MOVE, v:1, k:ed@labirinto, mode:BACK
2026-03-17 19:23:41, MOVE, v:1, k:ed@longest, mode:PICK
2026-03-17 19:23:43, EXEC, v:1, k:ed@longest, mode:FULL, rate:0, size:66
2026-03-17 19:24:41, EXEC, v:1, k:ed@longest, mode:FULL, rate:0, size:68
2026-03-17 19:27:12, EXEC, v:1, k:ed@longest, mode:FULL, rate:0, size:68
2026-03-17 19:27:17, EXEC, v:1, k:ed@longest, mode:FULL, rate:0
2026-03-17 19:29:39, EXEC, v:1, k:ed@longest, mode:FULL, rate:0, size:70
2026-03-17 19:33:57, EXEC, v:1, k:ed@longest, mode:FULL, rate:0, size:70
2026-03-17 19:36:34, MOVE, v:1, k:ed@longest, mode:BACK
